<?xml version="1.0" encoding="UTF-8"?>
<!-- Generated by org.testng.reporters.JUnitXMLReporter -->
<testsuite hostname="DESKTOP-VDK60QV" name="Test" tests="7" failures="0" timestamp="16 Jan 2020 09:44:41 GMT" time="127.85" errors="0">
  <testcase name="headerLinks" time="7.897" classname="se.andersson.selenium.tests.MenuTest"/>
  <testcase name="leftMenu" time="15.226" classname="se.andersson.selenium.tests.MenuTest"/>
  <testcase name="mainMenu" time="10.22" classname="se.andersson.selenium.tests.MenuTest"/>
  <testcase name="testCaseOne" time="5.851" classname="se.andersson.selenium.tests.ProxyTest"/>
  <testcase name="selectCSS" time="6.402" classname="se.andersson.selenium.tests.SelectorTest"/>
  <testcase name="selectXpath" time="1.075" classname="se.andersson.selenium.tests.SelectorTest"/>
  <testcase name="buyStuff" time="51.375" classname="se.andersson.selenium.tests.ShopTest"/>
</testsuite> <!-- Test -->
